<?xml version="1.0" encoding="UTF-8"?>
<!-- Generated by org.testng.reporters.JUnitXMLReporter -->
<testsuite hostname="Pujas-MacBook-Air.local" ignored="0" tests="3" failures="0" timestamp="03 Jan 2021 05:20:22 GMT" time="0.117" errors="0">
  <testcase name="doLoginTest" time="0.016" classname="Handling_InvocationCount"/>
  <testcase name="doLoginTest" time="0.003" classname="Handling_InvocationCount"/>
  <testcase name="doLoginTest" time="0.006" classname="Handling_InvocationCount"/>
</testsuite>
