<?xml version="1.0" encoding="UTF-8"?>
<testng-results skipped="0" failed="0" ignored="3" total="6" passed="3">
  <reporter-output>
  </reporter-output>
  <suite name="TestNg Test Automation Suite Neo" duration-ms="100" started-at="2021-01-09T04:36:16Z" finished-at="2021-01-09T04:36:16Z">
    <groups>
      <group name="Regression">
        <method signature="Handling_FilteringTestCase.carttest()[pri:0, instance:Handling_FilteringTestCase@4c6e276e]" name="carttest" class="Handling_FilteringTestCase"/>
        <method signature="Handling_FilteringTestCase.dologinTest()[pri:0, instance:Handling_FilteringTestCase@4c6e276e]" name="dologinTest" class="Handling_FilteringTestCase"/>
        <method signature="Handling_FilteringTestCase.getcourseTest()[pri:0, instance:Handling_FilteringTestCase@4c6e276e]" name="getcourseTest" class="Handling_FilteringTestCase"/>
      </group> <!-- Regression -->
    </groups>
    <test name="Different testng Feature Test Pages" duration-ms="100" started-at="2021-01-09T04:36:16Z" finished-at="2021-01-09T04:36:16Z">
      <class name="Handling_FilteringTestCase">
        <test-method status="PASS" signature="setup()[pri:0, instance:Handling_FilteringTestCase@4c6e276e]" name="setup" is-config="true" duration-ms="30" started-at="2021-01-09T04:36:16Z" finished-at="2021-01-09T04:36:16Z">
          <reporter-output>
          </reporter-output>
        </test-method> <!-- setup -->
        <test-method status="PASS" signature="carttest()[pri:0, instance:Handling_FilteringTestCase@4c6e276e]" name="carttest" duration-ms="7" started-at="2021-01-09T04:36:16Z" finished-at="2021-01-09T04:36:16Z">
          <reporter-output>
          </reporter-output>
        </test-method> <!-- carttest -->
        <test-method status="PASS" signature="dologinTest()[pri:0, instance:Handling_FilteringTestCase@4c6e276e]" name="dologinTest" duration-ms="3" started-at="2021-01-09T04:36:16Z" finished-at="2021-01-09T04:36:16Z">
          <reporter-output>
          </reporter-output>
        </test-method> <!-- dologinTest -->
        <test-method status="PASS" signature="getcourseTest()[pri:0, instance:Handling_FilteringTestCase@4c6e276e]" name="getcourseTest" duration-ms="2" started-at="2021-01-09T04:36:16Z" finished-at="2021-01-09T04:36:16Z">
          <reporter-output>
          </reporter-output>
        </test-method> <!-- getcourseTest -->
      </class> <!-- Handling_FilteringTestCase -->
    </test> <!-- Different testng Feature Test Pages -->
  </suite> <!-- TestNg Test Automation Suite Neo -->
</testng-results>
