<?xml version="1.0" encoding="UTF-8"?>
<!-- Generated by org.testng.reporters.JUnitXMLReporter -->
<testsuite hostname="Pujas-MacBook-Air.local" ignored="3" tests="3" failures="0" timestamp="09 Jan 2021 04:36:21 GMT" time="0.1" errors="0">
  <testcase name="carttest" time="0.007" classname="Handling_FilteringTestCase"/>
  <testcase name="dologinTest" time="0.003" classname="Handling_FilteringTestCase"/>
  <testcase name="getcourseTest" time="0.002" classname="Handling_FilteringTestCase"/>
  <testcase name="getUserTest" time="0.0" classname="Handling_FilteringTestCase">
    <ignored/>
  </testcase> <!-- getUserTest -->
  <testcase name="doRegistrationTest" time="0.0" classname="Handling_FilteringTestCase">
    <ignored/>
  </testcase> <!-- doRegistrationTest -->
  <testcase name="addPaymentTest" time="0.0" classname="Handling_FilteringTestCase">
    <ignored/>
  </testcase> <!-- addPaymentTest -->
</testsuite>
